SF:lib/core/network/network_info.dart
DA:10,1
DA:11,1
DA:12,2
LF:3
LH:3
end_of_record
SF:lib/data/models/user_post_model.dart
DA:4,4
DA:9,3
DA:11,2
DA:12,2
DA:13,2
DA:14,2
DA:15,2
DA:16,2
DA:20,2
DA:21,10
DA:24,1
DA:25,1
DA:26,1
DA:27,1
DA:28,1
DA:29,1
LF:16
LH:16
end_of_record
SF:lib/domain/entities/user_post_entity.dart
DA:9,7
DA:15,3
DA:16,15
LF:3
LH:3
end_of_record
SF:lib/core/error/exception.dart
DA:4,2
LF:1
LH:1
end_of_record
SF:lib/data/datasources/user_post_local_data_source.dart
DA:17,0
DA:19,0
DA:22,0
DA:24,0
DA:27,0
DA:29,0
DA:32,0
DA:34,0
DA:37,0
DA:39,0
LF:10
LH:0
end_of_record
SF:lib/data/datasources/user_post_remote_data_source.dart
DA:24,1
DA:26,1
DA:28,2
DA:29,3
DA:30,2
DA:32,1
DA:33,2
DA:34,2
DA:35,1
DA:37,1
DA:41,1
DA:46,0
DA:47,0
DA:48,0
DA:49,0
DA:50,0
DA:51,0
DA:53,0
DA:58,1
DA:59,2
DA:60,2
DA:61,3
DA:62,2
DA:65,1
DA:70,1
DA:72,4
DA:73,1
DA:74,2
DA:75,2
DA:76,3
DA:78,1
DA:83,1
DA:84,4
DA:85,4
DA:86,1
DA:87,2
DA:88,2
DA:89,3
DA:91,1
LF:39
LH:32
end_of_record
SF:lib/domain/usecases/delete_user_post_usecase.dart
DA:9,1
DA:12,1
DA:13,3
LF:3
LH:3
end_of_record
SF:lib/core/error/failures.dart
DA:5,1
DA:7,1
DA:8,1
LF:3
LH:3
end_of_record
SF:lib/core/usecases/usecase.dart
DA:10,0
DA:11,0
LF:2
LH:0
end_of_record
SF:lib/data/repositories/user_post_repository_impl.dart
DA:16,1
DA:21,1
DA:22,3
DA:24,3
DA:25,1
DA:26,1
DA:27,2
DA:31,2
DA:32,0
DA:33,1
DA:34,2
DA:40,0
DA:41,0
DA:43,0
DA:44,0
DA:45,0
DA:46,0
DA:50,0
DA:51,0
DA:52,0
DA:53,0
DA:59,1
DA:60,3
DA:62,3
DA:64,1
DA:65,2
DA:69,0
DA:71,0
DA:72,0
DA:78,1
DA:80,3
DA:82,2
DA:83,2
DA:84,1
DA:85,1
DA:86,2
DA:90,0
DA:91,0
DA:92,0
DA:93,0
DA:94,0
DA:100,1
DA:102,3
DA:104,2
DA:105,2
DA:106,1
DA:107,1
DA:108,2
DA:112,0
DA:113,0
DA:114,0
DA:115,0
DA:116,0
LF:53
LH:29
end_of_record
SF:lib/domain/usecases/add_user_post_usecase.dart
DA:10,1
DA:13,1
DA:15,3
LF:3
LH:3
end_of_record
SF:lib/domain/usecases/get_user_post_usecase.dart
DA:10,1
DA:13,1
DA:14,3
LF:3
LH:3
end_of_record
SF:lib/domain/usecases/update_user_post_usecase.dart
DA:10,1
DA:13,1
DA:15,3
LF:3
LH:3
end_of_record
